Arguments: 
  C:\Program Files\nodejs\node.exe C:\Users\TuizkaElka\node_modules\yarn\bin\yarn.js add l

PATH: 
  C:\Users\TuizkaElka\Documents\ip-address-tracker-master\node_modules\.bin;C:\Users\TuizkaElka\Documents\node_modules\.bin;C:\Users\TuizkaElka\node_modules\.bin;C:\Users\node_modules\.bin;C:\node_modules\.bin;C:\Users\TuizkaElka\AppData\Roaming\npm\node_modules\npm\node_modules\@npmcli\run-script\lib\node-gyp-bin;C:\Python311\Scripts\;C:\Python311\;C:\Windows\system32;C:\Windows;C:\Windows\System32\Wbem;C:\Windows\System32\WindowsPowerShell\v1.0\;C:\Windows\System32\OpenSSH\;C:\Program Files (x86)\QuickTime\QTSystem\;C:\Program Files\NVIDIA Corporation\NVIDIA NvDLISR;C:\Program Files (x86)\NVIDIA Corporation\PhysX\Common;C:\Program Files\Git\cmd;C:\Program Files\Microsoft SQL Server\150\Tools\Binn\;C:\Program Files\Microsoft SQL Server\Client SDK\ODBC\170\Tools\Binn\;C:\Program Files\dotnet\;C:\ProgramData\chocolatey\bin;C:\Program Files\nodejs\;C:\Users\TuizkaElka\Documents\new-reddit\node_modules\.bin\;C:\Users\TuizkaElka\AppData\Roaming\npm;C:\Users\TuizkaElka\.dotnet\tools;C:\Users\TuizkaElka\AppData\Local\Programs\Microsoft VS Code\bin

Yarn version: 
  1.22.19

Node version: 
  18.13.0

Platform: 
  win32 x64

Trace: 
  Error: EPERM: operation not permitted, unlink 'C:\Users\TuizkaElka\Documents\ip-address-tracker-master\node_modules\deasync\bin\win32-x64-node-18\deasync.node'

npm manifest: 
  {
    "name": "ip-address-tracker-master",
    "version": "1.0.0",
    "main": "index.js",
    "scripts": {
      "start": "parcel index.html --open",
      "build": "parcel build index.html --out-dir=build"
    },
    "keywords": [],
    "author": "",
    "license": "ISC",
    "devDependencies": {
      "parcel-bundler": "^1.12.5"
    },
    "dependencies": {
      "leaflet": "^1.9.4"
    }
  }

yarn manifest: 
  No manifest

Lockfile: 
  No lockfile
